@!@!@STARTMSG 2262:0 @!@!@
TLC2 Version 2.15 of Day Month 20?? (rev: eb3ff99)
@!@!@ENDMSG 2262 @!@!@
@!@!@STARTMSG 2187:0 @!@!@
Running breadth-first search Model-Checking with fp 59 and seed -1381369693723105181 with 2 workers on 4 cores with 878MB heap and 1972MB offheap memory [pid: 6158] (Linux 5.3.0-64-generic amd64, AdoptOpenJDK 14.0.1 x86_64, OffHeapDiskFPSet, DiskStateQueue).
@!@!@ENDMSG 2187 @!@!@
@!@!@STARTMSG 2220:0 @!@!@
Starting SANY...
@!@!@ENDMSG 2220 @!@!@
Parsing file /home/goncalo/Área de Trabalho/4ºAno/MFES/EM/Aulas/Aula10/leaderelection.toolbox/Model_1/MC.tla
Parsing file /home/goncalo/Área de Trabalho/4ºAno/MFES/EM/Aulas/Aula10/leaderelection.toolbox/Model_1/leaderelection.tla
Parsing file /home/goncalo/Área de Trabalho/4ºAno/MFES/TLA/TLAToolbox-1.7.0-linux.gtk.x86_64/toolbox/plugins/org.lamport.tlatools_1.0.0.202004251858/tla2sany/StandardModules/TLC.tla
Parsing file /home/goncalo/Área de Trabalho/4ºAno/MFES/TLA/TLAToolbox-1.7.0-linux.gtk.x86_64/toolbox/plugins/org.lamport.tlatools_1.0.0.202004251858/tla2sany/StandardModules/Naturals.tla
Parsing file /home/goncalo/Área de Trabalho/4ºAno/MFES/TLA/TLAToolbox-1.7.0-linux.gtk.x86_64/toolbox/plugins/org.lamport.tlatools_1.0.0.202004251858/tla2sany/StandardModules/Sequences.tla
Parsing file /home/goncalo/Área de Trabalho/4ºAno/MFES/TLA/TLAToolbox-1.7.0-linux.gtk.x86_64/toolbox/plugins/org.lamport.tlatools_1.0.0.202004251858/tla2sany/StandardModules/FiniteSets.tla
Semantic processing of module Naturals
Semantic processing of module Sequences
Semantic processing of module FiniteSets
Semantic processing of module leaderelection
Semantic processing of module TLC
Semantic processing of module MC
@!@!@STARTMSG 2219:0 @!@!@
SANY finished.
@!@!@ENDMSG 2219 @!@!@
@!@!@STARTMSG 2185:0 @!@!@
Starting... (2020-12-17 11:17:32)
@!@!@ENDMSG 2185 @!@!@
@!@!@STARTMSG 2189:0 @!@!@
Computing initial states...
@!@!@ENDMSG 2189 @!@!@
@!@!@STARTMSG 2190:0 @!@!@
Finished computing initial states: 1 distinct state generated at 2020-12-17 11:17:33.
@!@!@ENDMSG 2190 @!@!@
@!@!@STARTMSG 2114:1 @!@!@
Deadlock reached.
@!@!@ENDMSG 2114 @!@!@
@!@!@STARTMSG 2121:1 @!@!@
The behavior up to this point is:
@!@!@ENDMSG 2121 @!@!@
@!@!@STARTMSG 2217:4 @!@!@
1: <Initial predicate>
/\ elected = {}
/\ outbox = <<{4}, {1}, {3}, {2}>>
/\ inbox = <<{}, {}, {}, {}>>

@!@!@ENDMSG 2217 @!@!@
@!@!@STARTMSG 2217:4 @!@!@
2: <send line 27, col 12 to line 31, col 28 of module leaderelection>
/\ elected = {}
/\ outbox = <<{}, {1}, {3}, {2}>>
/\ inbox = <<{}, {4}, {}, {}>>

@!@!@ENDMSG 2217 @!@!@
@!@!@STARTMSG 2217:4 @!@!@
3: <send line 27, col 12 to line 31, col 28 of module leaderelection>
/\ elected = {}
/\ outbox = <<{}, {}, {3}, {2}>>
/\ inbox = <<{}, {4}, {1}, {}>>

@!@!@ENDMSG 2217 @!@!@
@!@!@STARTMSG 2217:4 @!@!@
4: <compute line 33, col 15 to line 36, col 60 of module leaderelection>
/\ elected = {}
/\ outbox = <<{}, {4}, {3}, {2}>>
/\ inbox = <<{}, {}, {1}, {}>>

@!@!@ENDMSG 2217 @!@!@
@!@!@STARTMSG 2217:4 @!@!@
5: <send line 27, col 12 to line 31, col 28 of module leaderelection>
/\ elected = {}
/\ outbox = <<{}, {}, {3}, {2}>>
/\ inbox = <<{}, {}, {1, 4}, {}>>

@!@!@ENDMSG 2217 @!@!@
@!@!@STARTMSG 2217:4 @!@!@
6: <send line 27, col 12 to line 31, col 28 of module leaderelection>
/\ elected = {}
/\ outbox = <<{}, {}, {}, {2}>>
/\ inbox = <<{}, {}, {1, 4}, {3}>>

@!@!@ENDMSG 2217 @!@!@
@!@!@STARTMSG 2217:4 @!@!@
7: <compute line 33, col 15 to line 36, col 60 of module leaderelection>
/\ elected = {}
/\ outbox = <<{}, {}, {}, {2}>>
/\ inbox = <<{}, {}, {4}, {3}>>

@!@!@ENDMSG 2217 @!@!@
@!@!@STARTMSG 2217:4 @!@!@
8: <compute line 33, col 15 to line 36, col 60 of module leaderelection>
/\ elected = {}
/\ outbox = <<{}, {}, {4}, {2}>>
/\ inbox = <<{}, {}, {}, {3}>>

@!@!@ENDMSG 2217 @!@!@
@!@!@STARTMSG 2217:4 @!@!@
9: <send line 27, col 12 to line 31, col 28 of module leaderelection>
/\ elected = {}
/\ outbox = <<{}, {}, {}, {2}>>
/\ inbox = <<{}, {}, {}, {3, 4}>>

@!@!@ENDMSG 2217 @!@!@
@!@!@STARTMSG 2217:4 @!@!@
10: <send line 27, col 12 to line 31, col 28 of module leaderelection>
/\ elected = {}
/\ outbox = <<{}, {}, {}, {}>>
/\ inbox = <<{2}, {}, {}, {3, 4}>>

@!@!@ENDMSG 2217 @!@!@
@!@!@STARTMSG 2217:4 @!@!@
11: <compute line 33, col 15 to line 36, col 60 of module leaderelection>
/\ elected = {}
/\ outbox = <<{}, {}, {}, {}>>
/\ inbox = <<{}, {}, {}, {3, 4}>>

@!@!@ENDMSG 2217 @!@!@
@!@!@STARTMSG 2217:4 @!@!@
12: <compute line 33, col 15 to line 36, col 60 of module leaderelection>
/\ elected = {}
/\ outbox = <<{}, {}, {}, {3}>>
/\ inbox = <<{}, {}, {}, {4}>>

@!@!@ENDMSG 2217 @!@!@
@!@!@STARTMSG 2217:4 @!@!@
13: <send line 27, col 12 to line 31, col 28 of module leaderelection>
/\ elected = {}
/\ outbox = <<{}, {}, {}, {}>>
/\ inbox = <<{3}, {}, {}, {4}>>

@!@!@ENDMSG 2217 @!@!@
@!@!@STARTMSG 2217:4 @!@!@
14: <compute line 33, col 15 to line 36, col 60 of module leaderelection>
/\ elected = {}
/\ outbox = <<{}, {}, {}, {}>>
/\ inbox = <<{}, {}, {}, {4}>>

@!@!@ENDMSG 2217 @!@!@
@!@!@STARTMSG 2217:4 @!@!@
15: <compute line 33, col 15 to line 36, col 60 of module leaderelection>
/\ elected = {}
/\ outbox = <<{}, {}, {}, {4}>>
/\ inbox = <<{}, {}, {}, {}>>

@!@!@ENDMSG 2217 @!@!@
@!@!@STARTMSG 2217:4 @!@!@
16: <send line 27, col 12 to line 31, col 28 of module leaderelection>
/\ elected = {}
/\ outbox = <<{}, {}, {}, {}>>
/\ inbox = <<{4}, {}, {}, {}>>

@!@!@ENDMSG 2217 @!@!@
@!@!@STARTMSG 2217:4 @!@!@
17: <compute line 33, col 15 to line 36, col 60 of module leaderelection>
/\ elected = {4}
/\ outbox = <<{}, {}, {}, {}>>
/\ inbox = <<{}, {}, {}, {}>>

@!@!@ENDMSG 2217 @!@!@
@!@!@STARTMSG 2201:0 @!@!@
The coverage statistics at 2020-12-17 11:17:34
@!@!@ENDMSG 2201 @!@!@
@!@!@STARTMSG 2773:0 @!@!@
<Init line 22, col 1 to line 22, col 4 of module leaderelection>: 2:2
@!@!@ENDMSG 2773 @!@!@
@!@!@STARTMSG 2221:0 @!@!@
  line 23, col 5 to line 25, col 19 of module leaderelection: 2
@!@!@ENDMSG 2221 @!@!@
@!@!@STARTMSG 2772:0 @!@!@
<send line 27, col 1 to line 27, col 7 of module leaderelection>: 161:620
@!@!@ENDMSG 2772 @!@!@
@!@!@STARTMSG 2221:0 @!@!@
  line 29, col 8 to line 29, col 47 of module leaderelection: 620
@!@!@ENDMSG 2221 @!@!@
@!@!@STARTMSG 2221:0 @!@!@
  line 30, col 8 to line 30, col 54 of module leaderelection: 620
@!@!@ENDMSG 2221 @!@!@
@!@!@STARTMSG 2221:0 @!@!@
  |line 30, col 17 to line 30, col 54 of module leaderelection: 620
@!@!@ENDMSG 2221 @!@!@
@!@!@STARTMSG 2221:0 @!@!@
  ||line 30, col 18 to line 30, col 22 of module leaderelection: 620
@!@!@ENDMSG 2221 @!@!@
@!@!@STARTMSG 2221:0 @!@!@
  ||line 30, col 33 to line 30, col 39 of module leaderelection: 620
@!@!@ENDMSG 2221 @!@!@
@!@!@STARTMSG 2221:0 @!@!@
  |||line 20, col 12 to line 20, col 35 of module leaderelection: 620
@!@!@ENDMSG 2221 @!@!@
@!@!@STARTMSG 2221:0 @!@!@
  ||||line 20, col 15 to line 20, col 19 of module leaderelection: 620
@!@!@ENDMSG 2221 @!@!@
@!@!@STARTMSG 2221:0 @!@!@
  ||||line 20, col 33 to line 20, col 35 of module leaderelection: 356
@!@!@ENDMSG 2221 @!@!@
@!@!@STARTMSG 2221:0 @!@!@
  |||line 30, col 38 to line 30, col 38 of module leaderelection: 620
@!@!@ENDMSG 2221 @!@!@
@!@!@STARTMSG 2221:0 @!@!@
  ||line 30, col 44 to line 30, col 53 of module leaderelection: 620
@!@!@ENDMSG 2221 @!@!@
@!@!@STARTMSG 2221:0 @!@!@
  line 31, col 8 to line 31, col 28 of module leaderelection: 620
@!@!@ENDMSG 2221 @!@!@
@!@!@STARTMSG 2221:0 @!@!@
  line 27, col 21 to line 27, col 29 of module leaderelection: 1662
@!@!@ENDMSG 2221 @!@!@
@!@!@STARTMSG 2772:0 @!@!@
<compute line 33, col 1 to line 33, col 10 of module leaderelection>: 243:622
@!@!@ENDMSG 2772 @!@!@
@!@!@STARTMSG 2221:0 @!@!@
  line 34, col 8 to line 34, col 45 of module leaderelection: 622
@!@!@ENDMSG 2221 @!@!@
@!@!@STARTMSG 2221:0 @!@!@
  line 35, col 8 to line 35, col 76 of module leaderelection: 622
@!@!@ENDMSG 2221 @!@!@
@!@!@STARTMSG 2221:0 @!@!@
  |line 35, col 18 to line 35, col 76 of module leaderelection: 622
@!@!@ENDMSG 2221 @!@!@
@!@!@STARTMSG 2221:0 @!@!@
  ||line 35, col 19 to line 35, col 24 of module leaderelection: 622
@!@!@ENDMSG 2221 @!@!@
@!@!@STARTMSG 2221:0 @!@!@
  ||line 35, col 33 to line 35, col 75 of module leaderelection: 622
@!@!@ENDMSG 2221 @!@!@
@!@!@STARTMSG 2221:0 @!@!@
  ||line 35, col 40 to line 35, col 75 of module leaderelection: 622
@!@!@ENDMSG 2221 @!@!@
@!@!@STARTMSG 2221:0 @!@!@
  |||line 35, col 47 to line 35, col 75 of module leaderelection: 622
@!@!@ENDMSG 2221 @!@!@
@!@!@STARTMSG 2221:0 @!@!@
  ||||line 35, col 50 to line 35, col 58 of module leaderelection: 622
@!@!@ENDMSG 2221 @!@!@
@!@!@STARTMSG 2775:0 @!@!@
  ||||line 35, col 65 to line 35, col 67 of module leaderelection: 222:844
@!@!@ENDMSG 2775 @!@!@
@!@!@STARTMSG 2775:0 @!@!@
  ||||line 35, col 74 to line 35, col 75 of module leaderelection: 400:310
@!@!@ENDMSG 2775 @!@!@
@!@!@STARTMSG 2221:0 @!@!@
  line 36, col 8 to line 36, col 60 of module leaderelection: 622
@!@!@ENDMSG 2221 @!@!@
@!@!@STARTMSG 2221:0 @!@!@
  |line 36, col 19 to line 36, col 60 of module leaderelection: 622
@!@!@ENDMSG 2221 @!@!@
@!@!@STARTMSG 2221:0 @!@!@
  ||line 36, col 19 to line 36, col 25 of module leaderelection: 622
@!@!@ENDMSG 2221 @!@!@
@!@!@STARTMSG 2221:0 @!@!@
  ||line 36, col 32 to line 36, col 60 of module leaderelection: 622
@!@!@ENDMSG 2221 @!@!@
@!@!@STARTMSG 2221:0 @!@!@
  |||line 36, col 35 to line 36, col 43 of module leaderelection: 622
@!@!@ENDMSG 2221 @!@!@
@!@!@STARTMSG 2221:0 @!@!@
  |||line 36, col 50 to line 36, col 52 of module leaderelection: 46
@!@!@ENDMSG 2221 @!@!@
@!@!@STARTMSG 2775:0 @!@!@
  |||line 36, col 59 to line 36, col 60 of module leaderelection: 576:48
@!@!@ENDMSG 2775 @!@!@
@!@!@STARTMSG 2221:0 @!@!@
  line 33, col 24 to line 33, col 31 of module leaderelection: 1654
@!@!@ENDMSG 2221 @!@!@
@!@!@STARTMSG 2774:0 @!@!@
<Action line 49, col 15 to line 49, col 39 of module leaderelection>
@!@!@ENDMSG 2774 @!@!@
@!@!@STARTMSG 2221:0 @!@!@
  line 49, col 15 to line 49, col 39 of module leaderelection: 405
@!@!@ENDMSG 2221 @!@!@
@!@!@STARTMSG 2202:0 @!@!@
End of statistics.
@!@!@ENDMSG 2202 @!@!@
@!@!@STARTMSG 2200:0 @!@!@
Progress(17) at 2020-12-17 11:17:34: 1.225 states generated (34.490 s/min), 405 distinct states found (11.403 ds/min), 0 states left on queue.
@!@!@ENDMSG 2200 @!@!@
@!@!@STARTMSG 2199:0 @!@!@
1225 states generated, 405 distinct states found, 0 states left on queue.
@!@!@ENDMSG 2199 @!@!@
@!@!@STARTMSG 2194:0 @!@!@
The depth of the complete state graph search is 17.
@!@!@ENDMSG 2194 @!@!@
@!@!@STARTMSG 2268:0 @!@!@
The average outdegree of the complete state graph is 1 (minimum is 0, the maximum 4 and the 95th percentile is 3).
@!@!@ENDMSG 2268 @!@!@
@!@!@STARTMSG 2186:0 @!@!@
Finished in 2159ms at (2020-12-17 11:17:34)
@!@!@ENDMSG 2186 @!@!@
